Library/Bee/Android/Prj/Mono2x/Gradle/unityLibrary/build/intermediates/manifest_merge_blame_file/release/manifest-merger-blame-release-report.txt
1<?xml version="1.0" encoding="utf-8"?>
2<manifest xmlns:android="http://schemas.android.com/apk/res/android"
3    xmlns:tools="http://schemas.android.com/tools"
4    package="com.unity3d.player"
5    android:versionCode="1"
6    android:versionName="1.0" >
7
8    <uses-sdk
9        android:minSdkVersion="22"
9-->src\main\AndroidManifest.xml
10        android:targetSdkVersion="30" />
10-->src\main\AndroidManifest.xml
11
12    <uses-feature android:glEsVersion="0x00030000" />
12-->src\main\AndroidManifest.xml:18:3-52
12-->src\main\AndroidManifest.xml:18:17-49
13    <uses-feature
13-->src\main\AndroidManifest.xml:19:3-91
14        android:name="android.hardware.vulkan.version"
14-->src\main\AndroidManifest.xml:19:17-63
15        android:required="false" />
15-->src\main\AndroidManifest.xml:19:64-88
16
17    <uses-permission android:name="android.permission.INTERNET" />
17-->src\main\AndroidManifest.xml:20:3-65
17-->src\main\AndroidManifest.xml:20:20-62
18    <uses-permission android:name="android.permission.VIBRATE" />
18-->src\main\AndroidManifest.xml:21:3-64
18-->src\main\AndroidManifest.xml:21:20-61
19    <uses-permission android:name="android.permission.ACCESS_NETWORK_STATE" />
19-->src\main\AndroidManifest.xml:22:3-77
19-->src\main\AndroidManifest.xml:22:20-74
20    <uses-permission android:name="android.permission.ACCESS_FINE_LOCATION" />
20-->src\main\AndroidManifest.xml:23:3-77
20-->src\main\AndroidManifest.xml:23:20-74
21
22    <uses-feature
22-->src\main\AndroidManifest.xml:24:3-89
23        android:name="android.hardware.location.gps"
23-->src\main\AndroidManifest.xml:24:17-61
24        android:required="false" />
24-->src\main\AndroidManifest.xml:24:62-86
25    <uses-feature
25-->src\main\AndroidManifest.xml:25:3-85
26        android:name="android.hardware.location"
26-->src\main\AndroidManifest.xml:25:17-57
27        android:required="false" />
27-->src\main\AndroidManifest.xml:25:58-82
28    <uses-feature
28-->src\main\AndroidManifest.xml:26:3-97
29        android:name="android.hardware.sensor.accelerometer"
29-->src\main\AndroidManifest.xml:26:17-69
30        android:required="false" />
30-->src\main\AndroidManifest.xml:26:70-94
31    <uses-feature
31-->src\main\AndroidManifest.xml:27:3-88
32        android:name="android.hardware.touchscreen"
32-->src\main\AndroidManifest.xml:27:17-60
33        android:required="false" />
33-->src\main\AndroidManifest.xml:27:61-85
34    <uses-feature
34-->src\main\AndroidManifest.xml:28:3-99
35        android:name="android.hardware.touchscreen.multitouch"
35-->src\main\AndroidManifest.xml:28:17-71
36        android:required="false" />
36-->src\main\AndroidManifest.xml:28:72-96
37    <uses-feature
37-->src\main\AndroidManifest.xml:29:3-108
38        android:name="android.hardware.touchscreen.multitouch.distinct"
38-->src\main\AndroidManifest.xml:29:17-80
39        android:required="false" />
39-->src\main\AndroidManifest.xml:29:81-105
40
41    <application android:extractNativeLibs="true" >
41-->src\main\AndroidManifest.xml:3:3-17:17
41-->src\main\AndroidManifest.xml:3:16-48
42        <activity
42-->src\main\AndroidManifest.xml:4:5-11:16
43            android:name="com.unity3d.player.UnityPlayerActivity"
43-->src\main\AndroidManifest.xml:4:15-68
44            android:configChanges="mcc|mnc|locale|touchscreen|keyboard|keyboardHidden|navigation|orientation|screenLayout|uiMode|screenSize|smallestScreenSize|fontScale|layoutDirection|density"
44-->src\main\AndroidManifest.xml:4:180-361
45            android:hardwareAccelerated="false"
45-->src\main\AndroidManifest.xml:4:397-432
46            android:launchMode="singleTask"
46-->src\main\AndroidManifest.xml:4:148-179
47            android:resizeableActivity="false"
47-->src\main\AndroidManifest.xml:4:362-396
48            android:screenOrientation="portrait"
48-->src\main\AndroidManifest.xml:4:111-147
49            android:theme="@style/UnityThemeSelector" >
49-->src\main\AndroidManifest.xml:4:69-110
50            <intent-filter>
50-->src\main\AndroidManifest.xml:5:7-8:23
51                <action android:name="android.intent.action.MAIN" />
51-->src\main\AndroidManifest.xml:6:9-61
51-->src\main\AndroidManifest.xml:6:17-58
52
53                <category android:name="android.intent.category.LAUNCHER" />
53-->src\main\AndroidManifest.xml:7:9-69
53-->src\main\AndroidManifest.xml:7:19-66
54            </intent-filter>
55
56            <meta-data
56-->src\main\AndroidManifest.xml:9:7-82
57                android:name="unityplayer.UnityActivity"
57-->src\main\AndroidManifest.xml:9:18-58
58                android:value="true" />
58-->src\main\AndroidManifest.xml:9:59-79
59            <meta-data
59-->src\main\AndroidManifest.xml:10:7-78
60                android:name="android.notch_support"
60-->src\main\AndroidManifest.xml:10:18-54
61                android:value="true" />
61-->src\main\AndroidManifest.xml:10:55-75
62        </activity>
63
64        <meta-data
64-->src\main\AndroidManifest.xml:12:5-69
65            android:name="unity.splash-mode"
65-->src\main\AndroidManifest.xml:12:16-48
66            android:value="0" />
66-->src\main\AndroidManifest.xml:12:49-66
67        <meta-data
67-->src\main\AndroidManifest.xml:13:5-74
68            android:name="unity.splash-enable"
68-->src\main\AndroidManifest.xml:13:16-50
69            android:value="True" />
69-->src\main\AndroidManifest.xml:13:51-71
70        <meta-data
70-->src\main\AndroidManifest.xml:14:5-79
71            android:name="unity.launch-fullscreen"
71-->src\main\AndroidManifest.xml:14:16-54
72            android:value="False" />
72-->src\main\AndroidManifest.xml:14:55-76
73        <meta-data
73-->src\main\AndroidManifest.xml:15:5-84
74            android:name="unity.allow-resizable-window"
74-->src\main\AndroidManifest.xml:15:16-59
75            android:value="False" />
75-->src\main\AndroidManifest.xml:15:60-81
76        <meta-data
76-->src\main\AndroidManifest.xml:16:5-81
77            android:name="notch.config"
77-->src\main\AndroidManifest.xml:16:16-43
78            android:value="portrait|landscape" />
78-->src\main\AndroidManifest.xml:16:44-78
79    </application>
80
81</manifest>